<?xml version="1.0" encoding="UTF-8"?>
<!-- Generated by org.testng.reporters.JUnitReportReporter -->
<testsuite skipped="0" hostname="DESKTOP-O3E0A86" name="UITestCases.loginTest" tests="1" failures="0" timestamp="2020-03-07T10:04:38 IST" time="12.851" errors="0">
  <testcase name="login" time="12.851" classname="UITestCases.loginTest"/>
  <system-out/>
</testsuite> <!-- UITestCases.loginTest -->
